<?xml version="1.0" encoding="UTF-8"?>
<!-- Generated by org.testng.reporters.JUnitXMLReporter -->
<testsuite ignored="1" hostname="DESKTOP-GNI30QO" failures="0" tests="4" name="Default test" time="55.211" errors="0" timestamp="2023-11-05T18:06:05 EST">
  <testcase classname="com.WebStaurantStore.TestCases.SearchItemAndEmptyCartTest" name="searchItemTest" time="5.586"/>
  <testcase classname="com.WebStaurantStore.TestCases.SearchItemAndEmptyCartTest" name="itemContainsKeyWordTest" time="27.401"/>
  <testcase classname="com.WebStaurantStore.TestCases.SearchItemAndEmptyCartTest" name="addItemToCart" time="6.572"/>
  <testcase classname="com.WebStaurantStore.TestCases.SearchItemAndEmptyCartTest" name="emptyCart" time="6.056"/>
  <testcase classname="com.WebStaurantStore.TestCases.SearchItemAndEmptyCartTest" name="HomePageTitleTest" time="0.0">
    <ignored/>
  </testcase> <!-- HomePageTitleTest -->
</testsuite> <!-- Default test -->
